Determining if the pthread_create exist failed with the following output:
Change Dir: /home/ossome/slam_ws/build/CMakeFiles/CMakeTmp

Run Build Command:"/usr/bin/make" "cmTC_37d5c/fast"
/usr/bin/make -f CMakeFiles/cmTC_37d5c.dir/build.make CMakeFiles/cmTC_37d5c.dir/build
make[1]: Entering directory '/home/ossome/slam_ws/build/CMakeFiles/CMakeTmp'
Building C object CMakeFiles/cmTC_37d5c.dir/CheckSymbolExists.c.o
/usr/bin/cc    -o CMakeFiles/cmTC_37d5c.dir/CheckSymbolExists.c.o   -c /home/ossome/slam_ws/build/CMakeFiles/CMakeTmp/CheckSymbolExists.c
Linking C executable cmTC_37d5c
/usr/bin/cmake -E cmake_link_script CMakeFiles/cmTC_37d5c.dir/link.txt --verbose=1
/usr/bin/cc      -rdynamic CMakeFiles/cmTC_37d5c.dir/CheckSymbolExists.c.o  -o cmTC_37d5c 
CMakeFiles/cmTC_37d5c.dir/CheckSymbolExists.c.o: In function `main':
CheckSymbolExists.c:(.text+0x1b): undefined reference to `pthread_create'
collect2: error: ld returned 1 exit status
CMakeFiles/cmTC_37d5c.dir/build.make:86: recipe for target 'cmTC_37d5c' failed
make[1]: *** [cmTC_37d5c] Error 1
make[1]: Leaving directory '/home/ossome/slam_ws/build/CMakeFiles/CMakeTmp'
Makefile:121: recipe for target 'cmTC_37d5c/fast' failed
make: *** [cmTC_37d5c/fast] Error 2

File /home/ossome/slam_ws/build/CMakeFiles/CMakeTmp/CheckSymbolExists.c:
/* */
#include <pthread.h>

int main(int argc, char** argv)
{
  (void)argv;
#ifndef pthread_create
  return ((int*)(&pthread_create))[argc];
#else
  (void)argc;
  return 0;
#endif
}

Determining if the function pthread_create exists in the pthreads failed with the following output:
Change Dir: /home/ossome/slam_ws/build/CMakeFiles/CMakeTmp

Run Build Command:"/usr/bin/make" "cmTC_87214/fast"
/usr/bin/make -f CMakeFiles/cmTC_87214.dir/build.make CMakeFiles/cmTC_87214.dir/build
make[1]: Entering directory '/home/ossome/slam_ws/build/CMakeFiles/CMakeTmp'
Building C object CMakeFiles/cmTC_87214.dir/CheckFunctionExists.c.o
/usr/bin/cc   -DCHECK_FUNCTION_EXISTS=pthread_create   -o CMakeFiles/cmTC_87214.dir/CheckFunctionExists.c.o   -c /usr/share/cmake-3.13/Modules/CheckFunctionExists.c
Linking C executable cmTC_87214
/usr/bin/cmake -E cmake_link_script CMakeFiles/cmTC_87214.dir/link.txt --verbose=1
/usr/bin/cc  -DCHECK_FUNCTION_EXISTS=pthread_create    -rdynamic CMakeFiles/cmTC_87214.dir/CheckFunctionExists.c.o  -o cmTC_87214 -lpthreads 
/usr/bin/ld: cannot find -lpthreads
collect2: error: ld returned 1 exit status
CMakeFiles/cmTC_87214.dir/build.make:86: recipe for target 'cmTC_87214' failed
make[1]: *** [cmTC_87214] Error 1
make[1]: Leaving directory '/home/ossome/slam_ws/build/CMakeFiles/CMakeTmp'
Makefile:121: recipe for target 'cmTC_87214/fast' failed
make: *** [cmTC_87214/fast] Error 2


